Using pre-set license
Built from '2020.3/staging' branch; Version is '2020.3.28f1 (f5400f52e03f) revision 16072719'; Using compiler version '192528614'; Build Type 'Release'
OS: 'Windows 11  (10.0.22631) 64bit Core' Language: 'en' Physical Memory: 14215 MB
BatchMode: 1, IsHumanControllingUs: 0, StartBugReporterOnCrash: 0, Is64bit: 1, IsPro: 0

COMMAND LINE ARGUMENTS:
C:\Program Files\Unity\Hub\Editor\2020.3.28f1\Editor\Unity.exe
-adb2
-batchMode
-noUpm
-name
AssetImportWorker0
-projectPath
C:/Users/codin/OneDrive/Documents/Module-3-V.4
-logFile
Logs/AssetImportWorker0.log
-srvPort
51465
Successfully changed project path to: C:/Users/codin/OneDrive/Documents/Module-3-V.4
C:/Users/codin/OneDrive/Documents/Module-3-V.4
Using Asset Import Pipeline V2.
Refreshing native plugins compatible for Editor in 81.96 ms, found 2 plugins.
Preloading 0 native plugins for Editor in 0.00 ms.
Initialize engine version: 2020.3.28f1 (f5400f52e03f)
[Subsystems] Discovering subsystems at path C:/Program Files/Unity/Hub/Editor/2020.3.28f1/Editor/Data/Resources/UnitySubsystems
[Subsystems] Discovering subsystems at path C:/Users/codin/OneDrive/Documents/Module-3-V.4/Assets
GfxDevice: creating device client; threaded=0
Direct3D:
    Version:  Direct3D 11.0 [level 11.1]
    Renderer: AMD Radeon(TM) Graphics (ID=0x15d8)
    Vendor:   
    VRAM:     7107 MB
    Driver:   31.0.12044.3
Initialize mono
Mono path[0] = 'C:/Program Files/Unity/Hub/Editor/2020.3.28f1/Editor/Data/Managed'
Mono path[1] = 'C:/Program Files/Unity/Hub/Editor/2020.3.28f1/Editor/Data/MonoBleedingEdge/lib/mono/unityjit'
Mono config path = 'C:/Program Files/Unity/Hub/Editor/2020.3.28f1/Editor/Data/MonoBleedingEdge/etc'
Using monoOptions --debugger-agent=transport=dt_socket,embedding=1,server=y,suspend=n,address=127.0.0.1:56988
Begin MonoManager ReloadAssembly
Registering precompiled unity dll's ...
Register platform support module: C:/Program Files/Unity/Hub/Editor/2020.3.28f1/Editor/Data/PlaybackEngines/WebGLSupport/UnityEditor.WebGL.Extensions.dll
Register platform support module: C:/Program Files/Unity/Hub/Editor/2020.3.28f1/Editor/Data/PlaybackEngines/WindowsStandaloneSupport/UnityEditor.WindowsStandalone.Extensions.dll
Registered in 0.004651 seconds.
Native extension for WindowsStandalone target not found
Native extension for WebGL target not found
Refreshing native plugins compatible for Editor in 76.16 ms, found 2 plugins.
Preloading 0 native plugins for Editor in 0.00 ms.
Mono: successfully reloaded assembly
- Completed reload, in  1.241 seconds
Domain Reload Profiling:
	ReloadAssembly (1242ms)
		BeginReloadAssembly (131ms)
			ExecutionOrderSort (0ms)
			DisableScriptedObjects (0ms)
			BackupInstance (0ms)
			ReleaseScriptingObjects (0ms)
			CreateAndSetChildDomain (2ms)
		EndReloadAssembly (931ms)
			LoadAssemblies (124ms)
			RebuildTransferFunctionScriptingTraits (0ms)
			SetupTypeCache (321ms)
			ReleaseScriptCaches (0ms)
			RebuildScriptCaches (58ms)
			SetupLoadedEditorAssemblies (337ms)
				LogAssemblyErrors (0ms)
				InitializePlatformSupportModulesInManaged (11ms)
				SetLoadedEditorAssemblies (0ms)
				RefreshPlugins (76ms)
				BeforeProcessingInitializeOnLoad (19ms)
				ProcessInitializeOnLoadAttributes (173ms)
				ProcessInitializeOnLoadMethodAttributes (57ms)
				AfterProcessingInitializeOnLoad (0ms)
				EditorAssembliesLoaded (1ms)
			ExecutionOrderSort2 (0ms)
			AwakeInstancesAfterBackupRestoration (0ms)
Platform modules already initialized, skipping
Registering precompiled user dll's ...
Registered in 0.009401 seconds.
Begin MonoManager ReloadAssembly
Native extension for WindowsStandalone target not found
Native extension for WebGL target not found
Refreshing native plugins compatible for Editor in 1.04 ms, found 2 plugins.
Preloading 0 native plugins for Editor in 0.00 ms.
Mono: successfully reloaded assembly
- Completed reload, in  2.596 seconds
Domain Reload Profiling:
	ReloadAssembly (2598ms)
		BeginReloadAssembly (328ms)
			ExecutionOrderSort (0ms)
			DisableScriptedObjects (10ms)
			BackupInstance (0ms)
			ReleaseScriptingObjects (0ms)
			CreateAndSetChildDomain (47ms)
		EndReloadAssembly (2143ms)
			LoadAssemblies (213ms)
			RebuildTransferFunctionScriptingTraits (0ms)
			SetupTypeCache (741ms)
			ReleaseScriptCaches (1ms)
			RebuildScriptCaches (116ms)
			SetupLoadedEditorAssemblies (828ms)
				LogAssemblyErrors (0ms)
				InitializePlatformSupportModulesInManaged (19ms)
				SetLoadedEditorAssemblies (1ms)
				RefreshPlugins (2ms)
				BeforeProcessingInitializeOnLoad (189ms)
				ProcessInitializeOnLoadAttributes (544ms)
				ProcessInitializeOnLoadMethodAttributes (50ms)
				AfterProcessingInitializeOnLoad (22ms)
				EditorAssembliesLoaded (1ms)
			ExecutionOrderSort2 (0ms)
			AwakeInstancesAfterBackupRestoration (22ms)
Platform modules already initialized, skipping
========================================================================
Worker process is ready to serve import requests
Launched and connected shader compiler UnityShaderCompiler.exe after 0.09 seconds
Refreshing native plugins compatible for Editor in 1.28 ms, found 2 plugins.
Preloading 0 native plugins for Editor in 0.00 ms.
Unloading 1748 Unused Serialized files (Serialized files now loaded: 0)
System memory in use before: 116.5 MB.
System memory in use after: 116.6 MB.

Unloading 23 unused Assets to reduce memory usage. Loaded Objects now: 2210.
Total: 6.658600 ms (FindLiveObjects: 0.427500 ms CreateObjectMapping: 0.078300 ms MarkObjects: 5.922900 ms  DeleteObjects: 0.227300 ms)

AssetImportParameters requested are different than current active one (requested -> active):
  custom:framework-win-MediaFoundation: 216162199b28c13a410421893ffa2e32 -> 
  custom:video-decoder-ogg-theora: a1e56fd34408186e4bbccfd4996cb3dc -> 
  custom:container-muxer-webm: aa71ff27fc2769a1b78a27578f13a17b -> 
  custom:container-demuxer-webm: 4f35f7cbe854078d1ac9338744f61a02 -> 
  custom:container-demuxer-ogg: 62fdf1f143b41e24485cea50d1cbac27 -> 
  custom:video-encoder-webm-vp8: eb34c28f22e8b96e1ab97ce403110664 -> 
  custom:video-decoder-webm-vp8: 9c59270c3fd7afecdb556c50c9e8de78 -> 
  custom:audio-decoder-ogg-vorbis: bf7c407c2cedff20999df2af8eb42d56 -> 
  custom:audio-encoder-webm-vorbis: bf7c407c2cedff20999df2af8eb42d56 -> 
========================================================================
Received Import Request.
  path: Assets/Scenes/Exercise_3-3.unity
  artifactKey: Guid(e642c049cbb4d7a4e9ac86004ae709a4) Importer(815301076,1909f56bfc062723c751e8b465ee728b)
Start importing Assets/Scenes/Exercise_3-3.unity using Guid(e642c049cbb4d7a4e9ac86004ae709a4) Importer(815301076,1909f56bfc062723c751e8b465ee728b)  -> (artifact id: 'c47a3b060f2abdb896e44ec4258dffed') in 0.046606 seconds 
  Import took 0.052351 seconds .

========================================================================
Received Import Request.
  Time since last request: 10.696338 seconds.
  path: Assets/Scenes/Exercise_3-4.unity
  artifactKey: Guid(9b40321b565382742ab79670250416d4) Importer(815301076,1909f56bfc062723c751e8b465ee728b)
Start importing Assets/Scenes/Exercise_3-4.unity using Guid(9b40321b565382742ab79670250416d4) Importer(815301076,1909f56bfc062723c751e8b465ee728b)  -> (artifact id: 'b4584c8fb9bf1964fbb02f51cf51f8d2') in 0.039387 seconds 
  Import took 0.045838 seconds .

========================================================================
Received Import Request.
  Time since last request: 253.992503 seconds.
  path: Assets/Models/DeciduousTreeParts/bark14.mat
  artifactKey: Guid(760ea8238d6219c42b2739f693d4c834) Importer(815301076,1909f56bfc062723c751e8b465ee728b)
Start importing Assets/Models/DeciduousTreeParts/bark14.mat using Guid(760ea8238d6219c42b2739f693d4c834) Importer(815301076,1909f56bfc062723c751e8b465ee728b)  -> (artifact id: '04f9a4a465e3341cdca1368eeea5641d') in 0.661733 seconds 
  Import took 0.669554 seconds .

========================================================================
Received Import Request.
  Time since last request: 0.000438 seconds.
  path: Assets/Textures/Groundplants.mat
  artifactKey: Guid(61dfb5de063d51b4b87852aa85208c29) Importer(815301076,1909f56bfc062723c751e8b465ee728b)
Start importing Assets/Textures/Groundplants.mat using Guid(61dfb5de063d51b4b87852aa85208c29) Importer(815301076,1909f56bfc062723c751e8b465ee728b)  -> (artifact id: '393efc82a40b17217da3d703f6af0c7d') in 0.077964 seconds 
  Import took 0.084944 seconds .

========================================================================
Received Import Request.
  Time since last request: 0.000442 seconds.
  path: Assets/Models/Supercyan Character Pack Free Sample/Materials/High Quality/free_male_1_head.mat
  artifactKey: Guid(1bb6e2b3ad66d664094ce58c0b0adb79) Importer(815301076,1909f56bfc062723c751e8b465ee728b)
Start importing Assets/Models/Supercyan Character Pack Free Sample/Materials/High Quality/free_male_1_head.mat using Guid(1bb6e2b3ad66d664094ce58c0b0adb79) Importer(815301076,1909f56bfc062723c751e8b465ee728b)  -> (artifact id: 'b5c30c91f46c2bf68cb9eaaa4986a792') in 0.078318 seconds 
  Import took 0.086277 seconds .

========================================================================
Received Import Request.
  Time since last request: 0.000395 seconds.
  path: Assets/Textures/Glass.mat
  artifactKey: Guid(2423f6ddafadf31488ab61b95c648818) Importer(815301076,1909f56bfc062723c751e8b465ee728b)
Start importing Assets/Textures/Glass.mat using Guid(2423f6ddafadf31488ab61b95c648818) Importer(815301076,1909f56bfc062723c751e8b465ee728b)  -> (artifact id: 'ed672249f5d7213c01c76fa5a35fca09') in 0.068629 seconds 
  Import took 0.075118 seconds .

========================================================================
Received Import Request.
  Time since last request: 0.000394 seconds.
  path: Assets/Textures/Vehicles/CarMetal.mat
  artifactKey: Guid(ba620eb5f835d4b4bbb1e0abd3e43b2e) Importer(815301076,1909f56bfc062723c751e8b465ee728b)
Start importing Assets/Textures/Vehicles/CarMetal.mat using Guid(ba620eb5f835d4b4bbb1e0abd3e43b2e) Importer(815301076,1909f56bfc062723c751e8b465ee728b)  -> (artifact id: '3382c718d5978e7c369d3798cf5032aa') in 0.060474 seconds 
  Import took 0.067471 seconds .

========================================================================
Received Import Request.
  Time since last request: 0.000432 seconds.
  path: Assets/Textures/Checker.mat
  artifactKey: Guid(69347d92429c0854185f290eaa340194) Importer(815301076,1909f56bfc062723c751e8b465ee728b)
Start importing Assets/Textures/Checker.mat using Guid(69347d92429c0854185f290eaa340194) Importer(815301076,1909f56bfc062723c751e8b465ee728b)  -> (artifact id: '45e68f24465f126946c29934222e6d43') in 0.060840 seconds 
  Import took 0.067386 seconds .

========================================================================
Received Import Request.
  Time since last request: 0.000402 seconds.
  path: Assets/Textures/Vehicles/Chrome.mat
  artifactKey: Guid(536d73fdd74709b4fbcc791af7f70f78) Importer(815301076,1909f56bfc062723c751e8b465ee728b)
Start importing Assets/Textures/Vehicles/Chrome.mat using Guid(536d73fdd74709b4fbcc791af7f70f78) Importer(815301076,1909f56bfc062723c751e8b465ee728b)  -> (artifact id: '6e19a9ecb5bc6baf2f7b0f91f2573168') in 0.053139 seconds 
  Import took 0.060916 seconds .

========================================================================
Received Import Request.
  Time since last request: 0.000461 seconds.
  path: Assets/Models/Supercyan Character Pack Free Sample/Materials/High Quality/free_male_1_body.mat
  artifactKey: Guid(d88ee601ae3bb4d4a9385f5002f507cb) Importer(815301076,1909f56bfc062723c751e8b465ee728b)
Start importing Assets/Models/Supercyan Character Pack Free Sample/Materials/High Quality/free_male_1_body.mat using Guid(d88ee601ae3bb4d4a9385f5002f507cb) Importer(815301076,1909f56bfc062723c751e8b465ee728b)  -> (artifact id: '21ef8f41f6e5a5e858db131122d956a1') in 0.070906 seconds 
  Import took 0.077678 seconds .

========================================================================
Received Import Request.
  Time since last request: 0.000385 seconds.
  path: Assets/Models/Supercyan Character Pack Free Sample/Materials/Mobile/free_male_1_head_low.mat
  artifactKey: Guid(c9893909aae4a0644a72da08dc9b62ed) Importer(815301076,1909f56bfc062723c751e8b465ee728b)
Start importing Assets/Models/Supercyan Character Pack Free Sample/Materials/Mobile/free_male_1_head_low.mat using Guid(c9893909aae4a0644a72da08dc9b62ed) Importer(815301076,1909f56bfc062723c751e8b465ee728b)  -> (artifact id: '6df7d0929c79e228a5ea76c0f7387f4b') in 0.197704 seconds 
  Import took 0.205186 seconds .

========================================================================
Received Import Request.
  Time since last request: 0.000435 seconds.
  path: Assets/TextMesh Pro/Resources/Fonts & Materials/LiberationSans SDF - Outline.mat
  artifactKey: Guid(79459efec17a4d00a321bdcc27bbc385) Importer(815301076,1909f56bfc062723c751e8b465ee728b)
Start importing Assets/TextMesh Pro/Resources/Fonts & Materials/LiberationSans SDF - Outline.mat using Guid(79459efec17a4d00a321bdcc27bbc385) Importer(815301076,1909f56bfc062723c751e8b465ee728b)  -> (artifact id: '73bfc51c5222557aa47c55c3d1b82acd') in 0.184472 seconds 
  Import took 0.190389 seconds .

========================================================================
Received Import Request.
  Time since last request: 0.000475 seconds.
  path: Assets/Textures/Cliff3 Displacement.mat
  artifactKey: Guid(740df122ddd668f4cb51cb72d94452e6) Importer(815301076,1909f56bfc062723c751e8b465ee728b)
Start importing Assets/Textures/Cliff3 Displacement.mat using Guid(740df122ddd668f4cb51cb72d94452e6) Importer(815301076,1909f56bfc062723c751e8b465ee728b)  -> (artifact id: 'a4269be48a65484a034ef72bd2a80e08') in 0.595122 seconds 
  Import took 0.601714 seconds .

========================================================================
Received Import Request.
  Time since last request: 0.000435 seconds.
  path: Assets/Models/ConiferTreeParts/Render Pipeline Support/Built-in RP/CTI Runtime Components/Default Components/Resources/CTI_default_billboard_material.mat
  artifactKey: Guid(6da1894adda584f759ccf5e4d9ada5bf) Importer(815301076,1909f56bfc062723c751e8b465ee728b)
Start importing Assets/Models/ConiferTreeParts/Render Pipeline Support/Built-in RP/CTI Runtime Components/Default Components/Resources/CTI_default_billboard_material.mat using Guid(6da1894adda584f759ccf5e4d9ada5bf) Importer(815301076,1909f56bfc062723c751e8b465ee728b)  -> (artifact id: '636af68f5c3ebd34fa837f8d1f2e4c1a') in 0.064168 seconds 
  Import took 0.071050 seconds .

========================================================================
Received Import Request.
  Time since last request: 0.000391 seconds.
  path: Assets/Textures/Grass.mat
  artifactKey: Guid(61f4d96dd84e0c04e8c2e3a6d5ed1092) Importer(815301076,1909f56bfc062723c751e8b465ee728b)
Start importing Assets/Textures/Grass.mat using Guid(61f4d96dd84e0c04e8c2e3a6d5ed1092) Importer(815301076,1909f56bfc062723c751e8b465ee728b)  -> (artifact id: 'a2b7fdce53c160df2c7dfaa10f7c5432') in 0.068718 seconds 
  Import took 0.076089 seconds .

========================================================================
Received Import Request.
  Time since last request: 0.000414 seconds.
  path: Assets/Textures/Checkpoint.mat
  artifactKey: Guid(652aa804023a53d4a8a79860f108f692) Importer(815301076,1909f56bfc062723c751e8b465ee728b)
Start importing Assets/Textures/Checkpoint.mat using Guid(652aa804023a53d4a8a79860f108f692) Importer(815301076,1909f56bfc062723c751e8b465ee728b)  -> (artifact id: '0c83d35c753cfb136a8a1a9b7e97376d') in 0.050774 seconds 
  Import took 0.059074 seconds .

========================================================================
Received Import Request.
  Time since last request: 0.000394 seconds.
  path: Assets/Textures/Vehicles/Hub.mat
  artifactKey: Guid(b4d528af991d358409050c44ebefd0dc) Importer(815301076,1909f56bfc062723c751e8b465ee728b)
Start importing Assets/Textures/Vehicles/Hub.mat using Guid(b4d528af991d358409050c44ebefd0dc) Importer(815301076,1909f56bfc062723c751e8b465ee728b)  -> (artifact id: '73d12471f662d6c86c7c245bf3fd9014') in 0.062015 seconds 
  Import took 0.074358 seconds .

========================================================================
Received Import Request.
  Time since last request: 0.000689 seconds.
  path: Assets/Textures/Vehicles/CarPaint.mat
  artifactKey: Guid(5e5aaa0ee9a4ed240a3c38a87943b618) Importer(815301076,1909f56bfc062723c751e8b465ee728b)
Start importing Assets/Textures/Vehicles/CarPaint.mat using Guid(5e5aaa0ee9a4ed240a3c38a87943b618) Importer(815301076,1909f56bfc062723c751e8b465ee728b)  -> (artifact id: 'd55ea57bbbc42f3325ccff29a316fcc8') in 0.055870 seconds 
  Import took 0.064239 seconds .

========================================================================
Received Import Request.
  Time since last request: 0.000369 seconds.
  path: Assets/Textures/CheckerAlbedo.mat
  artifactKey: Guid(0dfe911e387a5bf468b75134beffd191) Importer(815301076,1909f56bfc062723c751e8b465ee728b)
Start importing Assets/Textures/CheckerAlbedo.mat using Guid(0dfe911e387a5bf468b75134beffd191) Importer(815301076,1909f56bfc062723c751e8b465ee728b)  -> (artifact id: '71150b8e41993111324c07ee38826281') in 0.054223 seconds 
  Import took 0.061928 seconds .

========================================================================
Received Import Request.
  Time since last request: 0.000413 seconds.
  path: Assets/Textures/Barrier.mat
  artifactKey: Guid(c834a5bb08da38e4784e15641b19d2d1) Importer(815301076,1909f56bfc062723c751e8b465ee728b)
Start importing Assets/Textures/Barrier.mat using Guid(c834a5bb08da38e4784e15641b19d2d1) Importer(815301076,1909f56bfc062723c751e8b465ee728b)  -> (artifact id: '78abf2b356a41055e87bc69dce959cbe') in 0.063898 seconds 
  Import took 0.074362 seconds .

========================================================================
Received Import Request.
  Time since last request: 0.000768 seconds.
  path: Assets/Models/ConiferTreeParts/Render Pipeline Support/Built-in RP/Sources/Materials/M Conifer Bark Array BODT.mat
  artifactKey: Guid(a7e78992c7c5347a29bb4ad9b987be59) Importer(815301076,1909f56bfc062723c751e8b465ee728b)
Start importing Assets/Models/ConiferTreeParts/Render Pipeline Support/Built-in RP/Sources/Materials/M Conifer Bark Array BODT.mat using Guid(a7e78992c7c5347a29bb4ad9b987be59) Importer(815301076,1909f56bfc062723c751e8b465ee728b)  -> (artifact id: '9f29cbb9d4580b620a4429e100cda56f') in 0.490160 seconds 
  Import took 0.497703 seconds .

========================================================================
Received Import Request.
  Time since last request: 0.000487 seconds.
  path: Assets/Models/WaterParts/Water/Water4/Materials/OceanPlaneMaterial.mat
  artifactKey: Guid(a437a9b380909fa4d98f929428f70388) Importer(815301076,1909f56bfc062723c751e8b465ee728b)
Start importing Assets/Models/WaterParts/Water/Water4/Materials/OceanPlaneMaterial.mat using Guid(a437a9b380909fa4d98f929428f70388) Importer(815301076,1909f56bfc062723c751e8b465ee728b)  -> (artifact id: 'ebf0e3b459f1308fc97d8edf6234dfe2') in 0.067048 seconds 
  Import took 0.073940 seconds .

========================================================================
Received Import Request.
  Time since last request: 0.000384 seconds.
  path: Assets/Models/PalmTreeParts/Materials/PalmTrees Leafs Mat.mat
  artifactKey: Guid(2d0b554e7d49b614495903aeed93f746) Importer(815301076,1909f56bfc062723c751e8b465ee728b)
Start importing Assets/Models/PalmTreeParts/Materials/PalmTrees Leafs Mat.mat using Guid(2d0b554e7d49b614495903aeed93f746) Importer(815301076,1909f56bfc062723c751e8b465ee728b)  -> (artifact id: 'f52f2838b0de6bacd1e969067ce2ee18') in 0.100624 seconds 
  Import took 0.107090 seconds .

========================================================================
Received Import Request.
  Time since last request: 0.000392 seconds.
  path: Assets/Models/ConiferTreeParts/Render Pipeline Support/Built-in RP/Sources/Billboards/Conifer Medium_BillboardMaterial.mat
  artifactKey: Guid(fc87aa03e15b04f0e881cbf7847f77c4) Importer(815301076,1909f56bfc062723c751e8b465ee728b)
Start importing Assets/Models/ConiferTreeParts/Render Pipeline Support/Built-in RP/Sources/Billboards/Conifer Medium_BillboardMaterial.mat using Guid(fc87aa03e15b04f0e881cbf7847f77c4) Importer(815301076,1909f56bfc062723c751e8b465ee728b)  -> (artifact id: '4e38693c462f0f850217f4964043ba36') in 0.754108 seconds 
  Import took 0.760655 seconds .

========================================================================
Received Import Request.
  Time since last request: 0.000594 seconds.
  path: Assets/TextMesh Pro/Resources/Fonts & Materials/LiberationSans SDF - Fallback.asset
  artifactKey: Guid(2e498d1c8094910479dc3e1b768306a4) Importer(815301076,1909f56bfc062723c751e8b465ee728b)
Start importing Assets/TextMesh Pro/Resources/Fonts & Materials/LiberationSans SDF - Fallback.asset using Guid(2e498d1c8094910479dc3e1b768306a4) Importer(815301076,1909f56bfc062723c751e8b465ee728b)  -> (artifact id: '94cca5ed0feb9e30d32001f053316166') in 0.353468 seconds 
  Import took 0.384331 seconds .

========================================================================
Received Import Request.
  Time since last request: 0.000977 seconds.
  path: Assets/TextMesh Pro/Resources/Fonts & Materials/LiberationSans SDF - Drop Shadow.mat
  artifactKey: Guid(e73a58f6e2794ae7b1b7e50b7fb811b0) Importer(815301076,1909f56bfc062723c751e8b465ee728b)
Start importing Assets/TextMesh Pro/Resources/Fonts & Materials/LiberationSans SDF - Drop Shadow.mat using Guid(e73a58f6e2794ae7b1b7e50b7fb811b0) Importer(815301076,1909f56bfc062723c751e8b465ee728b)  -> (artifact id: '482a362b8fe5ce36b302051eaf90a735') in 0.294066 seconds 
  Import took 0.301643 seconds .

========================================================================
Received Import Request.
  Time since last request: 0.000418 seconds.
  path: Assets/Models/ConiferTreeParts/Render Pipeline Support/Built-in RP/Sources/Materials/M Conifer Leaves BODT.mat
  artifactKey: Guid(086b89f98297d43a4ae1f80ebc88e938) Importer(815301076,1909f56bfc062723c751e8b465ee728b)
Start importing Assets/Models/ConiferTreeParts/Render Pipeline Support/Built-in RP/Sources/Materials/M Conifer Leaves BODT.mat using Guid(086b89f98297d43a4ae1f80ebc88e938) Importer(815301076,1909f56bfc062723c751e8b465ee728b)  -> (artifact id: 'd6593aacce3a6d4e142191a13704b485') in 0.068654 seconds 
  Import took 0.077135 seconds .

========================================================================
Received Import Request.
  Time since last request: 0.000475 seconds.
  path: Assets/Textures/Dirt.mat
  artifactKey: Guid(03b4eec34e151364abcbbaa2b10de46d) Importer(815301076,1909f56bfc062723c751e8b465ee728b)
Start importing Assets/Textures/Dirt.mat using Guid(03b4eec34e151364abcbbaa2b10de46d) Importer(815301076,1909f56bfc062723c751e8b465ee728b)  -> (artifact id: '7760169f82aa6d68c7d83f1c75563e53') in 0.081136 seconds 
  Import took 0.087843 seconds .

========================================================================
Received Import Request.
  Time since last request: 0.000489 seconds.
  path: Assets/Textures/Cliff1 Displacement.mat
  artifactKey: Guid(2559d786508e3754c963f69c8b53b67e) Importer(815301076,1909f56bfc062723c751e8b465ee728b)
Start importing Assets/Textures/Cliff1 Displacement.mat using Guid(2559d786508e3754c963f69c8b53b67e) Importer(815301076,1909f56bfc062723c751e8b465ee728b)  -> (artifact id: '4885176c1d15828269a02db331d4624e') in 0.077785 seconds 
  Import took 0.087014 seconds .

========================================================================
Received Import Request.
  Time since last request: 0.000448 seconds.
  path: Assets/Textures/Cliff2 Displacement.mat
  artifactKey: Guid(c66443d868d051a40b467e1c3f4d1642) Importer(815301076,1909f56bfc062723c751e8b465ee728b)
Start importing Assets/Textures/Cliff2 Displacement.mat using Guid(c66443d868d051a40b467e1c3f4d1642) Importer(815301076,1909f56bfc062723c751e8b465ee728b)  -> (artifact id: 'b96458ca0741b626e3f1b37119b1657e') in 0.105983 seconds 
  Import took 0.119944 seconds .

========================================================================
Received Import Request.
  Time since last request: 0.000145 seconds.
  path: Assets/Models/ConiferTreeParts/Render Pipeline Support/Built-in RP/Sources/Billboards/Conifer Small_BillboardMaterial.mat
  artifactKey: Guid(fba25871281c3416cbb4faf8edfb3a1c) Importer(815301076,1909f56bfc062723c751e8b465ee728b)
Start importing Assets/Models/ConiferTreeParts/Render Pipeline Support/Built-in RP/Sources/Billboards/Conifer Small_BillboardMaterial.mat using Guid(fba25871281c3416cbb4faf8edfb3a1c) Importer(815301076,1909f56bfc062723c751e8b465ee728b)  -> (artifact id: 'e12f24cfd5ff712dfa022e05006ca382') in 0.065357 seconds 
  Import took 0.074122 seconds .

========================================================================
Received Import Request.
  Time since last request: 0.000440 seconds.
  path: Assets/TextMesh Pro/Resources/Fonts & Materials/LiberationSans SDF.asset
  artifactKey: Guid(8f586378b4e144a9851e7b34d9b748ee) Importer(815301076,1909f56bfc062723c751e8b465ee728b)
Start importing Assets/TextMesh Pro/Resources/Fonts & Materials/LiberationSans SDF.asset using Guid(8f586378b4e144a9851e7b34d9b748ee) Importer(815301076,1909f56bfc062723c751e8b465ee728b)  -> (artifact id: 'f8b7c8c3e3c9a45adbdca63c88707d17') in 0.145707 seconds 
  Import took 0.155355 seconds .

========================================================================
Received Import Request.
  Time since last request: 0.000598 seconds.
  path: Assets/Models/PalmTreeParts/Materials/PalmTrees trunk Mat.mat
  artifactKey: Guid(f595b971babb1a74ab1c8a38deb8a52d) Importer(815301076,1909f56bfc062723c751e8b465ee728b)
Start importing Assets/Models/PalmTreeParts/Materials/PalmTrees trunk Mat.mat using Guid(f595b971babb1a74ab1c8a38deb8a52d) Importer(815301076,1909f56bfc062723c751e8b465ee728b)  -> (artifact id: '34edde72f165ba0679abb6e77fb29edc') in 0.086524 seconds 
  Import took 0.095264 seconds .

========================================================================
Received Import Request.
  Time since last request: 0.001225 seconds.
  path: Assets/Textures/Vehicles/Plastic.mat
  artifactKey: Guid(00742b481a47f124d85fddc8a77fdcc8) Importer(815301076,1909f56bfc062723c751e8b465ee728b)
Start importing Assets/Textures/Vehicles/Plastic.mat using Guid(00742b481a47f124d85fddc8a77fdcc8) Importer(815301076,1909f56bfc062723c751e8b465ee728b)  -> (artifact id: 'dd93720b5e454b48baabef0843efc444') in 0.062389 seconds 
  Import took 0.071332 seconds .

========================================================================
Received Import Request.
  Time since last request: 0.000447 seconds.
  path: Assets/Textures/Metal.mat
  artifactKey: Guid(a3be2f821a89da14c9ca9e15befcade7) Importer(815301076,1909f56bfc062723c751e8b465ee728b)
Start importing Assets/Textures/Metal.mat using Guid(a3be2f821a89da14c9ca9e15befcade7) Importer(815301076,1909f56bfc062723c751e8b465ee728b)  -> (artifact id: '44e5921bd7c7fa704f72b2116788c741') in 0.052873 seconds 
  Import took 0.063489 seconds .

========================================================================
Received Import Request.
  Time since last request: 0.000495 seconds.
  path: Assets/Textures/GrassRockyAlbedo.mat
  artifactKey: Guid(cd503d1f604ddbd429bd4a2b29c3755d) Importer(815301076,1909f56bfc062723c751e8b465ee728b)
Start importing Assets/Textures/GrassRockyAlbedo.mat using Guid(cd503d1f604ddbd429bd4a2b29c3755d) Importer(815301076,1909f56bfc062723c751e8b465ee728b)  -> (artifact id: 'b32b3cc3fdb8fced8357f8643beadfbd') in 0.047557 seconds 
  Import took 0.055950 seconds .

========================================================================
Received Import Request.
  Time since last request: 0.000719 seconds.
  path: Assets/Textures/Vehicles/Light.mat
  artifactKey: Guid(34a12df728295554fbfc96efc84aac90) Importer(815301076,1909f56bfc062723c751e8b465ee728b)
Start importing Assets/Textures/Vehicles/Light.mat using Guid(34a12df728295554fbfc96efc84aac90) Importer(815301076,1909f56bfc062723c751e8b465ee728b)  -> (artifact id: 'e0277c7f0f1676ebac6f72f3c0d4de88') in 0.065087 seconds 
  Import took 0.077002 seconds .

========================================================================
Received Import Request.
  Time since last request: 0.000614 seconds.
  path: Assets/Textures/PositionCamera.mat
  artifactKey: Guid(24698e60587df834fbc5ff73fd8684ff) Importer(815301076,1909f56bfc062723c751e8b465ee728b)
Start importing Assets/Textures/PositionCamera.mat using Guid(24698e60587df834fbc5ff73fd8684ff) Importer(815301076,1909f56bfc062723c751e8b465ee728b)  -> (artifact id: 'fc02863712211e209816819f645ffdff') in 0.052832 seconds 
  Import took 0.068040 seconds .

========================================================================
Received Import Request.
  Time since last request: 0.000711 seconds.
  path: Assets/Textures/Concrete.mat
  artifactKey: Guid(3e4ae3ba4ee47a24db55665140d0962d) Importer(815301076,1909f56bfc062723c751e8b465ee728b)
Start importing Assets/Textures/Concrete.mat using Guid(3e4ae3ba4ee47a24db55665140d0962d) Importer(815301076,1909f56bfc062723c751e8b465ee728b)  -> (artifact id: '3ca2512ebe8fbb7a9cb4249165c3641c') in 0.073405 seconds 
  Import took 0.081163 seconds .

========================================================================
Received Import Request.
  Time since last request: 0.000433 seconds.
  path: Assets/TextMesh Pro/Fonts/LiberationSans.ttf
  artifactKey: Guid(e3265ab4bf004d28a9537516768c1c75) Importer(815301076,1909f56bfc062723c751e8b465ee728b)
Start importing Assets/TextMesh Pro/Fonts/LiberationSans.ttf using Guid(e3265ab4bf004d28a9537516768c1c75) Importer(815301076,1909f56bfc062723c751e8b465ee728b)  -> (artifact id: 'cec1587b7129bde4b287cc77833a66ca') in 0.081153 seconds 
  Import took 0.087816 seconds .

========================================================================
Received Import Request.
  Time since last request: 0.000386 seconds.
  path: Assets/Models/ConiferTreeParts/Render Pipeline Support/Built-in RP/Sources/Billboards/Conifer Tall_BillboardMaterial.mat
  artifactKey: Guid(cb64c4536ee5b445783c428f4a53af1c) Importer(815301076,1909f56bfc062723c751e8b465ee728b)
Start importing Assets/Models/ConiferTreeParts/Render Pipeline Support/Built-in RP/Sources/Billboards/Conifer Tall_BillboardMaterial.mat using Guid(cb64c4536ee5b445783c428f4a53af1c) Importer(815301076,1909f56bfc062723c751e8b465ee728b)  -> (artifact id: '6053e06b5212f33e1fb7c0f53ed451e8') in 0.063007 seconds 
  Import took 0.069148 seconds .

========================================================================
Received Import Request.
  Time since last request: 0.000394 seconds.
  path: Assets/Models/ConiferTreeParts/Render Pipeline Support/Built-in RP/Sources/Materials/M Conifer Bark Simple BODT.mat
  artifactKey: Guid(fcbc9e998124d414da7cb0d951f649a3) Importer(815301076,1909f56bfc062723c751e8b465ee728b)
Start importing Assets/Models/ConiferTreeParts/Render Pipeline Support/Built-in RP/Sources/Materials/M Conifer Bark Simple BODT.mat using Guid(fcbc9e998124d414da7cb0d951f649a3) Importer(815301076,1909f56bfc062723c751e8b465ee728b)  -> (artifact id: '3c0c408508500327577050e9f69c6ec5') in 0.095748 seconds 
  Import took 0.102908 seconds .

========================================================================
Received Import Request.
  Time since last request: 0.000391 seconds.
  path: Assets/Models/Supercyan Character Pack Free Sample/Materials/Mobile/free_male_1_body_low.mat
  artifactKey: Guid(20e17aac92cea844aaa708706067eb14) Importer(815301076,1909f56bfc062723c751e8b465ee728b)
Start importing Assets/Models/Supercyan Character Pack Free Sample/Materials/Mobile/free_male_1_body_low.mat using Guid(20e17aac92cea844aaa708706067eb14) Importer(815301076,1909f56bfc062723c751e8b465ee728b)  -> (artifact id: 'f9967bdc75fe4205f88a082e12d3f9b5') in 0.059604 seconds 
  Import took 0.067166 seconds .

========================================================================
Received Import Request.
  Time since last request: 0.000396 seconds.
  path: Assets/Textures/Vehicles/BrakeLights.mat
  artifactKey: Guid(cba7ffb2df24eee4cbcbeab2a67bc35d) Importer(815301076,1909f56bfc062723c751e8b465ee728b)
Start importing Assets/Textures/Vehicles/BrakeLights.mat using Guid(cba7ffb2df24eee4cbcbeab2a67bc35d) Importer(815301076,1909f56bfc062723c751e8b465ee728b)  -> (artifact id: '0a988b4a9ca4b01b1adb66f62e529d66') in 0.056895 seconds 
  Import took 0.064777 seconds .

========================================================================
Received Import Request.
  Time since last request: 0.000432 seconds.
  path: Assets/Models/ConiferTreeParts/Render Pipeline Support/Built-in RP/Sources/Billboards/Conifer Bare_BillboardMaterial.mat
  artifactKey: Guid(be7cd6e9ad58a462a91b1cae7694ef4c) Importer(815301076,1909f56bfc062723c751e8b465ee728b)
Start importing Assets/Models/ConiferTreeParts/Render Pipeline Support/Built-in RP/Sources/Billboards/Conifer Bare_BillboardMaterial.mat using Guid(be7cd6e9ad58a462a91b1cae7694ef4c) Importer(815301076,1909f56bfc062723c751e8b465ee728b)  -> (artifact id: '734f0841716d32bc3de5a73b4c590a10') in 0.052158 seconds 
  Import took 0.060082 seconds .

========================================================================
Received Import Request.
  Time since last request: 0.000500 seconds.
  path: Assets/Textures/GrassHillAlbedo.mat
  artifactKey: Guid(c99438e49b6a6ce45a9df80985997685) Importer(815301076,1909f56bfc062723c751e8b465ee728b)
Start importing Assets/Textures/GrassHillAlbedo.mat using Guid(c99438e49b6a6ce45a9df80985997685) Importer(815301076,1909f56bfc062723c751e8b465ee728b)  -> (artifact id: 'e4bc947f2f1e94ef9da46eb0cc06b75f') in 0.052912 seconds 
  Import took 0.060311 seconds .

========================================================================
Received Import Request.
  Time since last request: 0.000490 seconds.
  path: Assets/Textures/Vehicles/Glass.mat
  artifactKey: Guid(c6149a582aab26c41acb68a6a6855771) Importer(815301076,1909f56bfc062723c751e8b465ee728b)
Start importing Assets/Textures/Vehicles/Glass.mat using Guid(c6149a582aab26c41acb68a6a6855771) Importer(815301076,1909f56bfc062723c751e8b465ee728b)  -> (artifact id: '33aa62e5a3dde85bf84e830fad7d3d36') in 0.049709 seconds 
  Import took 0.057804 seconds .

========================================================================
Received Import Request.
  Time since last request: 0.000600 seconds.
  path: Assets/Textures/Death.mat
  artifactKey: Guid(daa670b874a9925469c98fe163822b58) Importer(815301076,1909f56bfc062723c751e8b465ee728b)
Start importing Assets/Textures/Death.mat using Guid(daa670b874a9925469c98fe163822b58) Importer(815301076,1909f56bfc062723c751e8b465ee728b)  -> (artifact id: '7ef737e4a98083c0e9694a0f7fc6a315') in 0.047447 seconds 
  Import took 0.060081 seconds .

========================================================================
Received Import Request.
  Time since last request: 0.001164 seconds.
  path: Assets/Models/DeciduousTreeParts/Materials/leaf.mat
  artifactKey: Guid(3b81562ccc7e92543a108e811251a16f) Importer(815301076,1909f56bfc062723c751e8b465ee728b)
Start importing Assets/Models/DeciduousTreeParts/Materials/leaf.mat using Guid(3b81562ccc7e92543a108e811251a16f) Importer(815301076,1909f56bfc062723c751e8b465ee728b)  -> (artifact id: '876ce0789f995533512335bb5261b208') in 0.466321 seconds 
  Import took 0.477135 seconds .

========================================================================
Received Prepare
Registering precompiled user dll's ...
Registered in 0.009050 seconds.
Begin MonoManager ReloadAssembly
Native extension for WindowsStandalone target not found
Native extension for WebGL target not found
Refreshing native plugins compatible for Editor in 1.06 ms, found 2 plugins.
Preloading 0 native plugins for Editor in 0.00 ms.
Mono: successfully reloaded assembly
- Completed reload, in  2.192 seconds
Domain Reload Profiling:
	ReloadAssembly (2193ms)
		BeginReloadAssembly (261ms)
			ExecutionOrderSort (0ms)
			DisableScriptedObjects (14ms)
			BackupInstance (0ms)
			ReleaseScriptingObjects (0ms)
			CreateAndSetChildDomain (87ms)
		EndReloadAssembly (1800ms)
			LoadAssemblies (204ms)
			RebuildTransferFunctionScriptingTraits (0ms)
			SetupTypeCache (698ms)
			ReleaseScriptCaches (2ms)
			RebuildScriptCaches (79ms)
			SetupLoadedEditorAssemblies (642ms)
				LogAssemblyErrors (0ms)
				InitializePlatformSupportModulesInManaged (16ms)
				SetLoadedEditorAssemblies (1ms)
				RefreshPlugins (1ms)
				BeforeProcessingInitializeOnLoad (140ms)
				ProcessInitializeOnLoadAttributes (441ms)
				ProcessInitializeOnLoadMethodAttributes (26ms)
				AfterProcessingInitializeOnLoad (17ms)
				EditorAssembliesLoaded (1ms)
			ExecutionOrderSort2 (0ms)
			AwakeInstancesAfterBackupRestoration (15ms)
Platform modules already initialized, skipping
Refreshing native plugins compatible for Editor in 1.13 ms, found 2 plugins.
Preloading 0 native plugins for Editor in 0.00 ms.
Unloading 1689 Unused Serialized files (Serialized files now loaded: 0)
System memory in use before: 116.2 MB.
System memory in use after: 116.4 MB.

Unloading 14 unused Assets to reduce memory usage. Loaded Objects now: 2263.
Total: 6.686100 ms (FindLiveObjects: 0.410300 ms CreateObjectMapping: 0.100300 ms MarkObjects: 6.104400 ms  DeleteObjects: 0.067100 ms)

AssetImportParameters requested are different than current active one (requested -> active):
  custom:framework-win-MediaFoundation: 216162199b28c13a410421893ffa2e32 -> 
  custom:video-decoder-ogg-theora: a1e56fd34408186e4bbccfd4996cb3dc -> 
  custom:container-muxer-webm: aa71ff27fc2769a1b78a27578f13a17b -> 
  custom:container-demuxer-webm: 4f35f7cbe854078d1ac9338744f61a02 -> 
  custom:container-demuxer-ogg: 62fdf1f143b41e24485cea50d1cbac27 -> 
  custom:video-encoder-webm-vp8: eb34c28f22e8b96e1ab97ce403110664 -> 
  custom:video-decoder-webm-vp8: 9c59270c3fd7afecdb556c50c9e8de78 -> 
  custom:audio-decoder-ogg-vorbis: bf7c407c2cedff20999df2af8eb42d56 -> 
  custom:audio-encoder-webm-vorbis: bf7c407c2cedff20999df2af8eb42d56 -> 
========================================================================
Received Import Request.
  Time since last request: 796.088846 seconds.
  path: Assets/Scripts/Checkpoint.cs
  artifactKey: Guid(ba6d18385d8e49b489fcb77aa081af2b) Importer(815301076,1909f56bfc062723c751e8b465ee728b)
Start importing Assets/Scripts/Checkpoint.cs using Guid(ba6d18385d8e49b489fcb77aa081af2b) Importer(815301076,1909f56bfc062723c751e8b465ee728b)  -> (artifact id: 'b7f774e30b5d5f46188c2e5f349a2c2e') in 0.091848 seconds 
  Import took 0.108829 seconds .

AssetImportWorkerClient::OnTransportError - code=2 error=End of file
